This is LuaTeX, Version 1.06.2 (MiKTeX 2.9.6500 64-bit)  (format=lualatex 2018.12.4)  7 JUN 2019 10:38
 restricted system commands enabled.
**MIAManual.tex
(./MIAManual.tex
LaTeX2e <2017-04-15>
Lua module: luaotfload-main 2017/01/29 2.80001 OpenType layout system.
Lua module: lualibs 2017-02-01 2.5 ConTeXt Lua standard libraries.
Lua module: lualibs-extended 2017-02-01 2.5 ConTeXt Lua libraries -- extended co
llection.(using cache: C:/Users/awtor/AppData/Local/MiKTeX/2.9/luatex-cache/gene
ric)
luaotfload | conf : Root cache directory is C:/Users/awtor/AppData/Local/MiKTeX/
2.9/luatex-cache/generic/names.
luaotfload | init : Loading fontloader “fontloader-2017-02-11.lua” from kpse
-resolved path “C:/Program Files/MiKTeX 2.9/tex/luatex/luaotfload/fontloader-2
017-02-11.lua”.
Lua-only attribute luaotfload@state = 1
Lua-only attribute luaotfload@noligature = 2
Lua-only attribute luaotfload@syllabe = 3
luaotfload | init : Context OpenType loader version “3.027”
Inserting `luaotfload.node_processor' at position 1 in `pre_linebreak_filter'.
Inserting `luaotfload.node_processor' at position 1 in `hpack_filter'.
Inserting `luaotfload.define_font' at position 1 in `define_font'.
Lua-only attribute luaotfload_color_attribute = 4
luaotfload | conf : Root cache directory is C:/Users/awtor/AppData/Local/MiKTeX/
2.9/luatex-cache/generic/names.
Inserting `luaotfload.aux.set_sscale_dimens' at position 1 in `luaotfload.patch_
font'.
Inserting `luaotfload.aux.patch_cambria_domh' at position 2 in `luaotfload.patch
_font'.
Inserting `luaotfload.aux.fixup_fontdata' at position 1 in `luaotfload.patch_fon
t_unsafe'.
Inserting `luaotfload.aux.set_capheight' at position 3 in `luaotfload.patch_font
'.
Inserting `luaotfload.rewrite_fontname' at position 4 in `luaotfload.patch_font'
.
luaotfload | main : initialization completed in 0.594 seconds
Babel <3.15> and hyphenation patterns for 1 language(s) loaded.
("C:/Program Files/MiKTeX 2.9/tex/latex/base/book.cls"
Document Class: book 2014/09/29 v1.4h Standard LaTeX document class
("C:/Program Files/MiKTeX 2.9/tex/latex/base/bk11.clo"
File: bk11.clo 2014/09/29 v1.4h Standard LaTeX file (size option)
luaotfload | db : Font names database loaded from C:/Users/awtor/AppData/Local/M
iKTeX/2.9/luatex-cache/generic/names/luaotfload-names.luc(load luc: C:/Users/awt
or/AppData/Local/MiKTeX/2.9/luatex-cache/generic/fonts/otl/lmroman10-regular.luc
))
\c@part=\count79
\c@chapter=\count80
\c@section=\count81
\c@subsection=\count82
\c@subsubsection=\count83
\c@paragraph=\count84
\c@subparagraph=\count85
\c@figure=\count86
\c@table=\count87
\abovecaptionskip=\skip41
\belowcaptionskip=\skip42
\bibindent=\dimen102
)
\@input{./TeX_files/packages.aux}

\openout2 = ./TeX_files/packages.aux
(./TeX_files/packages.tex
("C:/Program Files/MiKTeX 2.9/tex/latex/base/inputenc.sty"
Package: inputenc 2015/03/17 v1.2c Input encoding file
\inpenc@prehook=\toks14
\inpenc@posthook=\toks15


Package inputenc Warning: inputenc package ignored with utf8 based engines.

) ("C:/Program Files/MiKTeX 2.9/tex/latex/amsmath/amsmath.sty"
Package: amsmath 2017/09/02 v2.17a AMS math features
\@mathmargin=\skip43

For additional information on amsmath, use the `?' option.
("C:/Program Files/MiKTeX 2.9/tex/latex/amsmath/amstext.sty"
Package: amstext 2000/06/29 v2.01 AMS text

("C:/Program Files/MiKTeX 2.9/tex/latex/amsmath/amsgen.sty"
File: amsgen.sty 1999/11/30 v2.0 generic functions
\@emptytoks=\toks16
\ex@=\dimen103
))
("C:/Program Files/MiKTeX 2.9/tex/latex/amsmath/amsbsy.sty"
Package: amsbsy 1999/11/29 v1.2d Bold Symbols
\pmbraise@=\dimen104
)
("C:/Program Files/MiKTeX 2.9/tex/latex/amsmath/amsopn.sty"
Package: amsopn 2016/03/08 v2.02 operator names
)
\inf@bad=\count88
LaTeX Info: Redefining \frac on input line 213.
\uproot@=\count89
\leftroot@=\count90
LaTeX Info: Redefining \overline on input line 375.
\classnum@=\count91
\DOTSCASE@=\count92
LaTeX Info: Redefining \ldots on input line 472.
LaTeX Info: Redefining \dots on input line 475.
LaTeX Info: Redefining \cdots on input line 596.
\Mathstrutbox@=\box26
\strutbox@=\box27
\big@size=\dimen105
LaTeX Font Info:    Redeclaring font encoding OML on input line 712.
LaTeX Font Info:    Redeclaring font encoding OMS on input line 713.
\macc@depth=\count93
\c@MaxMatrixCols=\count94
\dotsspace@=\muskip10
\c@parentequation=\count95
\dspbrk@lvl=\count96
\tag@help=\toks17
\row@=\count97
\column@=\count98
\maxfields@=\count99
\andhelp@=\toks18
\eqnshift@=\dimen106
\alignsep@=\dimen107
\tagshift@=\dimen108
\tagwidth@=\dimen109
\totwidth@=\dimen110
\lineht@=\dimen111
\@envbody=\toks19
\multlinegap=\skip44
\multlinetaggap=\skip45
\mathdisplay@stack=\toks20
LaTeX Info: Redefining \[ on input line 2817.
LaTeX Info: Redefining \] on input line 2818.
)
("C:/Program Files/MiKTeX 2.9/tex/latex/amsfonts/amssymb.sty"
Package: amssymb 2013/01/14 v3.01 AMS font symbols

("C:/Program Files/MiKTeX 2.9/tex/latex/amsfonts/amsfonts.sty"
Package: amsfonts 2013/01/14 v3.01 Basic AMSFonts support
\symAMSa=\mathgroup4
\symAMSb=\mathgroup5
LaTeX Font Info:    Overwriting math alphabet `\mathfrak' in version `bold'
(Font)                  U/euf/m/n --> U/euf/b/n on input line 106.
))
("C:/Program Files/MiKTeX 2.9/tex/latex/amsmath/amscd.sty"
Package: amscd 2017/04/14 v2.1 AMS Commutative Diagrams
\athelp@=\toks21
\minaw@=\dimen112
\bigaw@=\dimen113
\minCDarrowwidth=\dimen114
)
("C:/Program Files/MiKTeX 2.9/tex/latex/amscls/amsthm.sty"
Package: amsthm 2015/03/04 v2.20.2
\thm@style=\toks22
\thm@bodyfont=\toks23
\thm@headfont=\toks24
\thm@notefont=\toks25
\thm@headpunct=\toks26
\thm@preskip=\skip46
\thm@postskip=\skip47
\thm@headsep=\skip48
\dth@everypar=\toks27
)
("C:/Program Files/MiKTeX 2.9/tex/latex/tools/enumerate.sty"
Package: enumerate 2015/07/23 v3.00 enumerate extensions (DPC)
\@enLab=\toks28
)
("C:/Program Files/MiKTeX 2.9/tex/latex/graphics/graphicx.sty"
Package: graphicx 2017/06/01 v1.1a Enhanced LaTeX Graphics (DPC,SPQR)

("C:/Program Files/MiKTeX 2.9/tex/latex/graphics/keyval.sty"
Package: keyval 2014/10/28 v1.15 key=value parser (DPC)
\KV@toks@=\toks29
)
("C:/Program Files/MiKTeX 2.9/tex/latex/graphics/graphics.sty"
Package: graphics 2017/06/25 v1.2c Standard LaTeX Graphics (DPC,SPQR)

("C:/Program Files/MiKTeX 2.9/tex/latex/graphics/trig.sty"
Package: trig 2016/01/03 v1.10 sin cos tan (DPC)
)
("C:/Program Files/MiKTeX 2.9/tex/latex/graphics-cfg/graphics.cfg"
File: graphics.cfg 2016/06/04 v1.11 sample graphics configuration
)
Package graphics Info: Driver file: luatex.def on input line 99.

("C:/Program Files/MiKTeX 2.9/tex/latex/graphics-def/luatex.def"
File: luatex.def 2017/06/24 v1.0f Graphics/color driver for luatex
))
\Gin@req@height=\dimen115
\Gin@req@width=\dimen116
)
("C:/Program Files/MiKTeX 2.9/tex/latex/geometry/geometry.sty"
Package: geometry 2010/09/12 v5.6 Page Geometry

("C:/Program Files/MiKTeX 2.9/tex/generic/oberdiek/ifpdf.sty"
Package: ifpdf 2017/03/15 v3.2 Provides the ifpdf switch
)
("C:/Program Files/MiKTeX 2.9/tex/generic/oberdiek/ifvtex.sty"
Package: ifvtex 2016/05/16 v1.6 Detect VTeX and its facilities (HO)
Package ifvtex Info: VTeX not detected.
)
("C:/Program Files/MiKTeX 2.9/tex/generic/ifxetex/ifxetex.sty"
Package: ifxetex 2010/09/12 v0.6 Provides ifxetex conditional
)
\Gm@cnth=\count100
\Gm@cntv=\count101
\c@Gm@tempcnt=\count102
\Gm@bindingoffset=\dimen117
\Gm@wd@mp=\dimen118
\Gm@odd@mp=\dimen119
\Gm@even@mp=\dimen120
\Gm@layoutwidth=\dimen121
\Gm@layoutheight=\dimen122
\Gm@layouthoffset=\dimen123
\Gm@layoutvoffset=\dimen124
\Gm@dimlist=\toks30

("C:/Program Files/MiKTeX 2.9/tex/latex/geometry/geometry.cfg"))
(C:/Users/awtor/AppData/Roaming/MiKTeX/2.9/tex/latex/titlesec/titlesec.sty
Package: titlesec 2016/03/21 v2.10.2 Sectioning titles
\ttl@box=\box28
\beforetitleunit=\skip49
\aftertitleunit=\skip50
\ttl@plus=\dimen125
\ttl@minus=\dimen126
\ttl@toksa=\toks31
\titlewidth=\dimen127
\titlewidthlast=\dimen128
\titlewidthfirst=\dimen129
)
(C:/Users/awtor/AppData/Roaming/MiKTeX/2.9/tex/latex/lipsum/lipsum.sty
Package: lipsum 2014/07/27 v1.3 150 paragraphs of Lorem Ipsum dummy text
\c@lips@count=\count103
)
(C:/Users/awtor/AppData/Roaming/MiKTeX/2.9/tex/latex/wrapfig/wrapfig.sty
\wrapoverhang=\dimen130
\WF@size=\dimen131
\c@WF@wrappedlines=\count104
\WF@box=\box29
\WF@everypar=\toks32
Package: wrapfig 2003/01/31  v 3.6
)
("C:/Program Files/MiKTeX 2.9/tex/latex/tools/multicol.sty"
Package: multicol 2017/04/11 v1.8q multicolumn formatting (FMi)
\c@tracingmulticols=\count105
\mult@box=\box30
\multicol@leftmargin=\dimen132
\c@unbalance=\count106
\c@collectmore=\count107
\doublecol@number=\count108
\multicoltolerance=\count109
\multicolpretolerance=\count110
\full@width=\dimen133
\page@free=\dimen134
\premulticols=\dimen135
\postmulticols=\dimen136
\multicolsep=\skip51
\multicolbaselineskip=\skip52
\partial@page=\box31
\last@line=\box32
\maxbalancingoverflow=\dimen137
\mult@rightbox=\box33
\mult@grightbox=\box34
\mult@gfirstbox=\box35
\mult@firstbox=\box36
\@tempa=\box37
\@tempa=\box38
\@tempa=\box39
\@tempa=\box40
\@tempa=\box41
\@tempa=\box42
\@tempa=\box43
\@tempa=\box44
\@tempa=\box45
\@tempa=\box46
\@tempa=\box47
\@tempa=\box48
\@tempa=\box49
\@tempa=\box50
\@tempa=\box51
\@tempa=\box52
\@tempa=\box53
\c@columnbadness=\count111
\c@finalcolumnbadness=\count112
\last@try=\dimen138
\multicolovershoot=\dimen139
\multicolundershoot=\dimen140
\mult@nat@firstbox=\box54
\colbreak@box=\box55
\mc@col@check@num=\count113
)
(C:/Users/awtor/AppData/Roaming/MiKTeX/2.9/tex/latex/listings/listings.sty
\lst@mode=\count114
\lst@gtempboxa=\box56
\lst@token=\toks33
\lst@length=\count115
\lst@currlwidth=\dimen141
\lst@column=\count116
\lst@pos=\count117
\lst@lostspace=\dimen142
\lst@width=\dimen143
\lst@newlines=\count118
\lst@lineno=\count119
\lst@maxwidth=\dimen144

(C:/Users/awtor/AppData/Roaming/MiKTeX/2.9/tex/latex/listings/lstmisc.sty
File: lstmisc.sty 2015/06/04 1.6 (Carsten Heinz)
\c@lstnumber=\count120
\lst@skipnumbers=\count121
\lst@framebox=\box57
)
(C:/Users/awtor/AppData/Roaming/MiKTeX/2.9/tex/latex/listings/listings.cfg
File: listings.cfg 2015/06/04 1.6 listings configuration
))
Package: listings 2015/06/04 1.6 (Carsten Heinz)

(C:/Users/awtor/AppData/Roaming/MiKTeX/2.9/tex/latex/xcolor/xcolor.sty
Package: xcolor 2016/05/11 v2.12 LaTeX color extensions (UK)

("C:/Program Files/MiKTeX 2.9/tex/latex/graphics-cfg/color.cfg"
File: color.cfg 2016/01/02 v1.6 sample color configuration
)
Package xcolor Info: Driver file: luatex.def on input line 225.
Package xcolor Info: Model `cmy' substituted by `cmy0' on input line 1348.
Package xcolor Info: Model `hsb' substituted by `rgb' on input line 1352.
Package xcolor Info: Model `RGB' extended on input line 1364.
Package xcolor Info: Model `HTML' substituted by `rgb' on input line 1366.
Package xcolor Info: Model `Hsb' substituted by `hsb' on input line 1367.
Package xcolor Info: Model `tHsb' substituted by `hsb' on input line 1368.
Package xcolor Info: Model `HSB' substituted by `hsb' on input line 1369.
Package xcolor Info: Model `Gray' substituted by `gray' on input line 1370.
Package xcolor Info: Model `wave' substituted by `hsb' on input line 1371.
)
(C:/Users/awtor/AppData/Roaming/MiKTeX/2.9/tex/latex/appendix/appendix.sty
Package: appendix 2009/09/02 v1.2b extra appendix facilities
\c@@pps=\count122
\c@@ppsavesec=\count123
\c@@ppsaveapp=\count124
)
(C:/Users/awtor/AppData/Roaming/MiKTeX/2.9/tex/latex/fancyhdr/fancyhdr.sty
Package: fancyhdr 2017/06/30 v3.9a Extensive control of page headers and footers

\f@nch@headwidth=\skip53
\f@nch@O@elh=\skip54
\f@nch@O@erh=\skip55
\f@nch@O@olh=\skip56
\f@nch@O@orh=\skip57
\f@nch@O@elf=\skip58
\f@nch@O@erf=\skip59
\f@nch@O@olf=\skip60
\f@nch@O@orf=\skip61
)
("C:/Program Files/MiKTeX 2.9/tex/latex/hyperref/hyperref.sty"
Package: hyperref 2017/03/14 v6.85a Hypertext links for LaTeX

("C:/Program Files/MiKTeX 2.9/tex/generic/oberdiek/hobsub-hyperref.sty"
Package: hobsub-hyperref 2016/05/16 v1.14 Bundle oberdiek, subset hyperref (HO)

("C:/Program Files/MiKTeX 2.9/tex/generic/oberdiek/hobsub-generic.sty"
Package: hobsub-generic 2016/05/16 v1.14 Bundle oberdiek, subset generic (HO)
Package: hobsub 2016/05/16 v1.14 Construct package bundles (HO)
Package: infwarerr 2016/05/16 v1.4 Providing info/warning/error messages (HO)
Package: ltxcmds 2016/05/16 v1.23 LaTeX kernel commands for general use (HO)
Package: ifluatex 2016/05/16 v1.4 Provides the ifluatex switch (HO)
Package ifluatex Info: LuaTeX detected.
Package hobsub Info: Skipping package `ifvtex' (already loaded).
Package: intcalc 2016/05/16 v1.2 Expandable calculations with integers (HO)
Package hobsub Info: Skipping package `ifpdf' (already loaded).
Package: etexcmds 2016/05/16 v1.6 Avoid name clashes with e-TeX commands (HO)
Package: kvsetkeys 2016/05/16 v1.17 Key value parser (HO)
Package: kvdefinekeys 2016/05/16 v1.4 Define keys (HO)
Package: luatex-loader 2016/05/16 v0.6 Lua module loader (HO)

(C:/Program Files/MiKTeX 2.9/scripts/oberdiek/oberdiek.luatex.lua)
Package: pdftexcmds 2017/03/19 v0.25 Utility functions of pdfTeX for LuaTeX (HO)

Package pdftexcmds Info: \pdf@primitive is available.
Package pdftexcmds Info: \pdf@ifprimitive is available.
Package pdftexcmds Info: \pdfdraftmode found.
\pdftexcmds@toks=\toks34
Package: pdfescape 2016/05/16 v1.14 Implements pdfTeX's escape features (HO)
Package: bigintcalc 2016/05/16 v1.4 Expandable calculations on big integers (HO)

Package: bitset 2016/05/16 v1.2 Handle bit-vector datatype (HO)
Package: uniquecounter 2016/05/16 v1.3 Provide unlimited unique counter (HO)
)
Package hobsub Info: Skipping package `hobsub' (already loaded).
Package: letltxmacro 2016/05/16 v1.5 Let assignment for LaTeX macros (HO)
Package: hopatch 2016/05/16 v1.3 Wrapper for package hooks (HO)
Package: xcolor-patch 2016/05/16 xcolor patch
Package: atveryend 2016/05/16 v1.9 Hooks at the very end of document (HO)
Package atveryend Info: \enddocument detected (standard20110627).
Package: atbegshi 2016/06/09 v1.18 At begin shipout hook (HO)
Package: refcount 2016/05/16 v3.5 Data extraction from label references (HO)
Package: hycolor 2016/05/16 v1.8 Color options for hyperref/bookmark (HO)
)
("C:/Program Files/MiKTeX 2.9/tex/latex/oberdiek/auxhook.sty"
Package: auxhook 2016/05/16 v1.4 Hooks for auxiliary files (HO)
)
("C:/Program Files/MiKTeX 2.9/tex/latex/oberdiek/kvoptions.sty"
Package: kvoptions 2016/05/16 v3.12 Key value format for package options (HO)
)
\@linkdim=\dimen145
\Hy@linkcounter=\count125
\Hy@pagecounter=\count126

("C:/Program Files/MiKTeX 2.9/tex/latex/hyperref/pd1enc.def"
File: pd1enc.def 2017/03/14 v6.85a Hyperref: PDFDocEncoding definition (HO)
)
\Hy@SavedSpaceFactor=\count127

("C:/Program Files/MiKTeX 2.9/tex/latex/00miktex/hyperref.cfg"
File: hyperref.cfg 2002/06/06 v1.2 hyperref configuration of TeXLive
)
Package hyperref Info: Hyper figures OFF on input line 4498.
Package hyperref Info: Link nesting OFF on input line 4503.
Package hyperref Info: Hyper index ON on input line 4506.
Package hyperref Info: Plain pages OFF on input line 4513.
Package hyperref Info: Backreferencing OFF on input line 4518.
Package hyperref Info: Implicit mode ON; LaTeX internals redefined.
Package hyperref Info: Bookmarks ON on input line 4751.
\c@Hy@tempcnt=\count128

(C:/Users/awtor/AppData/Roaming/MiKTeX/2.9/tex/latex/url/url.sty
\Urlmuskip=\muskip11
Package: url 2013/09/16  ver 3.4  Verb mode for urls, etc.
)
LaTeX Info: Redefining \url on input line 5104.
\XeTeXLinkMargin=\dimen146
\Fld@menulength=\count129
\Field@Width=\dimen147
\Fld@charsize=\dimen148
Package hyperref Info: Hyper figures OFF on input line 6358.
Package hyperref Info: Link nesting OFF on input line 6363.
Package hyperref Info: Hyper index ON on input line 6366.
Package hyperref Info: backreferencing OFF on input line 6373.
Package hyperref Info: Link coloring OFF on input line 6378.
Package hyperref Info: Link coloring with OCG OFF on input line 6383.
Package hyperref Info: PDF/A mode OFF on input line 6388.
LaTeX Info: Redefining \ref on input line 6428.
LaTeX Info: Redefining \pageref on input line 6432.
\Hy@abspage=\count130
\c@Item=\count131
\c@Hfootnote=\count132
)

Package hyperref Message: Driver (autodetected): hluatex.

("C:/Program Files/MiKTeX 2.9/tex/latex/hyperref/hluatex.def"
File: hluatex.def 2017/03/14 v6.85a Hyperref driver for luaTeX
\Fld@listcount=\count133
\c@bookmark@seq@number=\count134

("C:/Program Files/MiKTeX 2.9/tex/latex/oberdiek/rerunfilecheck.sty"
Package: rerunfilecheck 2016/05/16 v1.8 Rerun checks for auxiliary files (HO)
Package uniquecounter Info: New unique counter `rerunfilecheck' on input line 28
2.
)
\Hy@SectionHShift=\skip62
))
("C:/Program Files/MiKTeX 2.9/tex/latex/base/makeidx.sty"
Package: makeidx 2014/09/29 v1.0m Standard LaTeX package
)
\@input{./TeX_files/settings.aux}

\openout2 = ./TeX_files/settings.aux
(./TeX_files/settings.tex
(C:/Users/awtor/AppData/Roaming/MiKTeX/2.9/tex/latex/listings/lstlang1.sty
File: lstlang1.sty 2015/06/04 1.6 listings language file
))
\@indexfile=\write3

\openout3 = MIAManual.idx

Writing index file MIAManual.idx
(./MIAManual.aux (./TeX_files/Copywrite.aux) (./TeX_files/MIAconcept.aux)
(./TeX_files/MIAConfig.aux) (./TeX_files/MIAcommands.aux)
(./TeX_files/D3CIntegration.aux) (./TeX_files/WorkoutGeneration.aux)
(./TeX_files/WoWFeatures.aux

LaTeX Warning: Label `fishbot increments' multiply defined.

))
\openout1 = MIAManual.aux

LaTeX Font Info:    Checking defaults for OML/cmm/m/it on input line 12.
LaTeX Font Info:    ... okay on input line 12.
LaTeX Font Info:    Checking defaults for T1/cmr/m/n on input line 12.
LaTeX Font Info:    ... okay on input line 12.
LaTeX Font Info:    Checking defaults for OT1/cmr/m/n on input line 12.
LaTeX Font Info:    ... okay on input line 12.
LaTeX Font Info:    Checking defaults for OMS/cmsy/m/n on input line 12.
LaTeX Font Info:    ... okay on input line 12.
LaTeX Font Info:    Checking defaults for TU/lmr/m/n on input line 12.
LaTeX Font Info:    ... okay on input line 12.
LaTeX Font Info:    Checking defaults for OMX/cmex/m/n on input line 12.
LaTeX Font Info:    ... okay on input line 12.
LaTeX Font Info:    Checking defaults for U/cmr/m/n on input line 12.
LaTeX Font Info:    ... okay on input line 12.
LaTeX Font Info:    Checking defaults for PD1/pdf/m/n on input line 12.
LaTeX Font Info:    ... okay on input line 12.
 (C:/Users/awtor/AppData/Roaming/MiKTeX/2.9/tex/context/base/supp-pdf.mkii
[Loading MPS to PDF converter (version 2006.09.02).]
\scratchcounter=\count135
\scratchdimen=\dimen149
\scratchbox=\box58
\nofMPsegments=\count136
\nofMParguments=\count137
\everyMPshowfont=\toks35
\MPscratchCnt=\count138
\MPscratchDim=\dimen150
\MPnumerator=\count139
\makeMPintoPDFobject=\count140
\everyMPtoPDFconversion=\toks36
) ("C:/Program Files/MiKTeX 2.9/tex/latex/oberdiek/epstopdf-base.sty"
Package: epstopdf-base 2016/05/15 v2.6 Base part for package epstopdf

("C:/Program Files/MiKTeX 2.9/tex/latex/oberdiek/grfext.sty"
Package: grfext 2016/05/16 v1.2 Manage graphics extensions (HO)
)
Package epstopdf-base Info: Redefining graphics rule for `.eps' on input line 43
8.
Package grfext Info: Graphics extension search list:
(grfext)             [.pdf,.png,.jpg,.mps,.jpeg,.jbig2,.jb2,.PDF,.PNG,.JPG,.JPEG
,.JBIG2,.JB2 ,.eps]
(grfext)             \AppendGraphicsExtensions on input line 456.
)
*geometry* driver: auto-detecting
*geometry* detected driver: pdftex
*geometry* verbose mode - [ preamble ] result:
* driver: pdftex
* paper: a4paper
* layout: <same size as paper>
* layoutoffset:(h,v)=(0.0pt,0.0pt)
* modes: twoside 
* h-part:(L,W,R)=(72.26999pt, 452.9679pt, 72.26999pt)
* v-part:(T,H,B)=(72.26999pt, 700.50687pt, 72.26999pt)
* \paperwidth=597.50787pt
* \paperheight=845.04684pt
* \textwidth=452.9679pt
* \textheight=700.50687pt
* \oddsidemargin=0.0pt
* \evensidemargin=0.0pt
* \topmargin=-31.8738pt
* \headheight=12.0pt
* \headsep=19.8738pt
* \topskip=11.0pt
* \footskip=27.46295pt
* \marginparwidth=106.0pt
* \marginparsep=7.0pt
* \columnsep=10.0pt
* \skip\footins=10.0pt plus 4.0pt minus 2.0pt
* \hoffset=0.0pt
* \voffset=0.0pt
* \mag=1000
* \@twocolumnfalse
* \@twosidetrue
* \@mparswitchtrue
* \@reversemarginfalse
* (1in=72.27pt=25.4mm, 1cm=28.453pt)

\c@lstlisting=\count141
\AtBeginShipoutBox=\box59
Package hyperref Info: Link coloring OFF on input line 12.
("C:/Program Files/MiKTeX 2.9/tex/latex/hyperref/nameref.sty"
Package: nameref 2016/05/21 v2.44 Cross-referencing by name of section

("C:/Program Files/MiKTeX 2.9/tex/generic/oberdiek/gettitlestring.sty"
Package: gettitlestring 2016/05/16 v1.5 Cleanup title references (HO)
)
\c@section@level=\count142
)
LaTeX Info: Redefining \ref on input line 12.
LaTeX Info: Redefining \pageref on input line 12.
LaTeX Info: Redefining \nameref on input line 12.

(./MIAManual.out) (./MIAManual.out)
\@outlinefile=\write4

\openout4 = MIAManual.out
(load luc: C:/Users/awtor/AppData/Local/MiKTeX/2.9/luatex-cache/generic/fonts/ot
l/lmroman17-regular.luc)
<./Images/MIA_cropped_Inverted.png, id=155, pagebox=cropbox, 549.55313pt x 126.4
725pt>
File: ./Images/MIA_cropped_Inverted.png Graphic file (type png)
<use ./Images/MIA_cropped_Inverted.png>
Package luatex.def Info: ./Images/MIA_cropped_Inverted.png  used on input line 1
6. on input line 16.
Package luatex.def Info: Requested size: 274.7759pt x 63.23608pt on input line 1
6.
(load luc: C:/Users/awtor/AppData/Local/MiKTeX/2.9/luatex-cache/generic/fonts/ot
l/lmroman12-regular.luc)
LaTeX Font Info:    Try loading font information for U+msa on input line 16.
 ("C:/Program Files/MiKTeX 2.9/tex/latex/amsfonts/umsa.fd"
File: umsa.fd 2013/01/14 v3.01 AMS symbols A
)
LaTeX Font Info:    Try loading font information for U+msb on input line 16.

("C:/Program Files/MiKTeX 2.9/tex/latex/amsfonts/umsb.fd"
File: umsb.fd 2013/01/14 v3.01 AMS symbols B
) [1







{C:/Users/awtor/AppData/Local/MiKTeX/2.9/pdftex/config/pdftex.map}<./Images/MIA_
cropped_Inverted.png>]
\openout2 = ./TeX_files/Copywrite.aux
 (./TeX_files/Copywrite.tex(load luc: C:/Users/awtor/AppDa
ta/Local/MiKTeX/2.9/luatex-cache/generic/fonts/otl/lmroman9-regular.luc)
Underfull \hbox (badness 10000) in paragraph at lines 28--34

 []

[2

])(load luc: C:/Users/awtor/AppData/Local/MiKTeX/2.9/luatex-cache/generic/fonts/
otl/lmroman12-bold.luc) (./MIAManual.toc(load luc: C:/Users/awtor/AppData/Local/
MiKTeX/2.9/luatex-cache/generic/fonts/otl/lmroman10-bold.luc))
\tf@toc=\write5

\openout5 = MIAManual.toc
 [3



] [4](load luc: C:/Users/awtor/AppData/Local/MiKTeX/2.9/luatex-cache/generic/fon
ts/otl/lmroman10-italic.luc) [5] [6

]
\openout2 = ./TeX_files/MIAconcept.aux
 (./TeX_files/MIAconcept.tex
Chapter 1.
(load luc: C:/Users/awtor/AppData/Local/MiKTeX/2.9/luatex-cache/generic/fonts/ot
l/lmroman8-regular.luc)(load luc: C:/Users/awtor/AppData/Local/MiKTeX/2.9/luatex
-cache/generic/fonts/otl/lmroman6-regular.luc)
<Images/setup01.png, id=231, pagebox=cropbox, 749.80125pt x 216.05719pt>
File: Images/setup01.png Graphic file (type png)
<use Images/setup01.png>
Package luatex.def Info: Images/setup01.png  used on input line 27. on input lin
e 27.
Package luatex.def Info: Requested size: 407.66833pt x 117.47025pt on input line
 27.


LaTeX Warning: `h' float specifier changed to `ht'.

<Images/setup02.png, id=233, pagebox=cropbox, 341.02406pt x 256.70906pt>
File: Images/setup02.png Graphic file (type png)
<use Images/setup02.png>
Package luatex.def Info: Images/setup02.png  used on input line 35. on input lin
e 35.
Package luatex.def Info: Requested size: 181.18439pt x 136.38809pt on input line
 35.

LaTeX Warning: `h' float specifier changed to `ht'.


Package Fancyhdr Warning: \headheight is too small (12.0pt): 
 Make it at least 13.59999pt.
 We now make it that large for the rest of the document.
 This may cause the page layout to be inconsistent, however.

[1


]
<Images/setup03.png, id=251, pagebox=cropbox, 955.31906pt x 368.1253pt>
File: Images/setup03.png Graphic file (type png)
<use Images/setup03.png>
Package luatex.def Info: Images/setup03.png  used on input line 43. on input lin
e 43.
Package luatex.def Info: Requested size: 407.66833pt x 157.08873pt on input line
 43.
 [2<./Images/setup01.png><./Images/setup02.png><./Images/setup03.png>]
<Images/setup04.png, id=263, pagebox=cropbox, 692.5875pt x 219.06844pt>
File: Images/setup04.png Graphic file (type png)
<use Images/setup04.png>
Package luatex.def Info: Images/setup04.png  used on input line 51. on input lin
e 51.
Package luatex.def Info: Requested size: 407.66833pt x 128.9484pt on input line 
51.
)
[3<./Images/setup04.png>]
\openout2 = ./TeX_files/MIAConfig.aux
 (./TeX_files/MIAConfig.tex
Chapter 2.
(C:/Users/awtor/AppData/Roaming/MiKTeX/2.9/tex/latex/listings/lstlang1.sty
File: lstlang1.sty 2015/06/04 1.6 listings language file
)
[4



](load luc: C:/Users/awtor/AppData/Local/MiKTeX/2.9/luatex-cache/generic/fonts/o
tl/lmroman10-bolditalic.luc) [5]) [6]
\openout2 = ./TeX_files/MIAcommands.aux
 (./TeX_files/MIAcommands.tex
Chapter 3.
[7



] [8] [9] [10]) [11]
\openout2 = ./TeX_files/D3CIntegration.aux
 (./TeX_files/D3CIntegration.tex
Chapter 4.
[12



]) [13]
\openout2 = ./TeX_files/WorkoutGeneration.aux
 (./TeX_files/WorkoutGeneration.tex
Chapter 5.

LaTeX Warning: Reference `MIAConfig' on page 14 undefined on input line 14.

[14



] [15]
<Images/Svd.png, id=553, pagebox=cropbox, 462.528pt x 346.896pt>
File: Images/Svd.png Graphic file (type png)
<use Images/Svd.png>
Package luatex.def Info: Images/Svd.png  used on input line 110. on input line 1
10.
Package luatex.def Info: Requested size: 226.48395pt x 169.86406pt on input line
 110.
<Images/Evd.png, id=554, pagebox=cropbox, 462.528pt x 346.896pt>
File: Images/Evd.png Graphic file (type png)
<use Images/Evd.png>
Package luatex.def Info: Images/Evd.png  used on input line 110. on input line 1
10.
Package luatex.def Info: Requested size: 226.48395pt x 169.86406pt on input line
 110.


LaTeX Warning: `h' float specifier changed to `ht'.

[16]
<Images/Rvd1.png, id=579, pagebox=cropbox, 462.528pt x 346.896pt>
File: Images/Rvd1.png Graphic file (type png)
<use Images/Rvd1.png>
Package luatex.def Info: Images/Rvd1.png  used on input line 140. on input line 
140.
Package luatex.def Info: Requested size: 226.48395pt x 169.86406pt on input line
 140.
<Images/Rvd5.png, id=580, pagebox=cropbox, 462.528pt x 346.896pt>
File: Images/Rvd5.png Graphic file (type png)
<use Images/Rvd5.png>
Package luatex.def Info: Images/Rvd5.png  used on input line 140. on input line 
140.
Package luatex.def Info: Requested size: 226.48395pt x 169.86406pt on input line
 140.


LaTeX Warning: `h' float specifier changed to `ht'.

[17<./Images/Svd.png><./Images/Evd.png>] [18<./Images/Rvd1.png><./Images/Rvd5.pn
g>]
<Images/Dvd.png, id=619, pagebox=cropbox, 462.528pt x 346.896pt>
File: Images/Dvd.png Graphic file (type png)
<use Images/Dvd.png>
Package luatex.def Info: Images/Dvd.png  used on input line 194. on input line 1
94.
Package luatex.def Info: Requested size: 226.48395pt x 169.86406pt on input line
 194.
<Images/Dvdc.png, id=620, pagebox=cropbox, 462.528pt x 346.896pt>
File: Images/Dvdc.png Graphic file (type png)
<use Images/Dvdc.png>
Package luatex.def Info: Images/Dvdc.png  used on input line 194. on input line 
194.
Package luatex.def Info: Requested size: 226.48395pt x 169.86406pt on input line
 194.
 [19<./Images/Dvd.png><./Images/Dvdc.png>]) [20]
\openout2 = ./TeX_files/WoWFeatures.aux

(./TeX_files/WoWFeatures.tex
Chapter 6.
<Images/WoWScrnShot_040118_234154.jpg, id=641, pagebox=cropbox, 1445.4pt x 766.3
6313pt>
File: Images/WoWScrnShot_040118_234154.jpg Graphic file (type jpg)
<use Images/WoWScrnShot_040118_234154.jpg>
Package luatex.def Info: Images/WoWScrnShot_040118_234154.jpg  used on input lin
e 22. on input line 22.
Package luatex.def Info: Requested size: 407.66833pt x 216.14717pt on input line
 22.

LaTeX Warning: `h' float specifier changed to `ht'.

<Images/WoWScrnShot_040118_234212.jpg, id=643, pagebox=cropbox, 1445.4pt x 276.2
8218pt>
File: Images/WoWScrnShot_040118_234212.jpg Graphic file (type jpg)
<use Images/WoWScrnShot_040118_234212.jpg>
Package luatex.def Info: Images/WoWScrnShot_040118_234212.jpg  used on input lin
e 30. on input line 30.
Package luatex.def Info: Requested size: 407.66833pt x 77.92339pt on input line 
30.

LaTeX Warning: `h' float specifier changed to `ht'.

<Images/WoWScrnShot_040118_234212b.jpg, id=644, pagebox=cropbox, 718.93594pt x 1
88.95593pt>
File: Images/WoWScrnShot_040118_234212b.jpg Graphic file (type jpg)
<use Images/WoWScrnShot_040118_234212b.jpg>
Package luatex.def Info: Images/WoWScrnShot_040118_234212b.jpg  used on input li
ne 46. on input line 46.
Package luatex.def Info: Requested size: 362.37569pt x 95.24466pt on input line 
46.

LaTeX Warning: `h' float specifier changed to `ht'.


Overfull \hbox (2.66255pt too wide) in paragraph at lines 50--51
[]\TU/lmr/m/n/10.95 These val-ues, [][][][][][], de-
 []

[21



]
<Images/WoWScrnShot_040118_234227b.jpg, id=665, pagebox=cropbox, 604.50844pt x 3
06.39468pt>
File: Images/WoWScrnShot_040118_234227b.jpg Graphic file (type jpg)
<use Images/WoWScrnShot_040118_234227b.jpg>
Package luatex.def Info: Images/WoWScrnShot_040118_234227b.jpg  used on input li
ne 67. on input line 67.
Package luatex.def Info: Requested size: 362.37569pt x 183.66992pt on input line
 67.


LaTeX Warning: `h' float specifier changed to `ht'.

<Images/fishbot_MIA.png, id=668, pagebox=cropbox, 432.86719pt x 228.10219pt>
File: Images/fishbot_MIA.png Graphic file (type png)
<use Images/fishbot_MIA.png>
Package luatex.def Info: Images/fishbot_MIA.png  used on input line 73. on input
 line 73.
Package luatex.def Info: Requested size: 317.07614pt x 167.09096pt on input line
 73.

LaTeX Warning: `h' float specifier changed to `ht'.

[22<./Images/WoWScrnShot_040118_234154.jpg><./Images/WoWScrnShot_040118_234212.j
pg>] [23<./Images/WoWScrnShot_040118_234212b.jpg><./Images/WoWScrnShot_040118_23
4227b.jpg>]
<Images/WoWScrnShot_040518_181350b.jpg, id=694, pagebox=cropbox, 1311.90125pt x 
574.145pt>
File: Images/WoWScrnShot_040518_181350b.jpg Graphic file (type jpg)
<use Images/WoWScrnShot_040518_181350b.jpg>
Package luatex.def Info: Images/WoWScrnShot_040518_181350b.jpg  used on input li
ne 103. on input line 103.
Package luatex.def Info: Requested size: 407.66833pt x 178.41238pt on input line
 103.
 [24<./Images/fishbot_MIA.png><./Images/WoWScrnShot_040518_181350b.jpg>]
<Images/WoWScrnShot_040518_115947b.jpg, id=705, pagebox=cropbox, 1231.60126pt x 
627.34375pt>
File: Images/WoWScrnShot_040518_115947b.jpg Graphic file (type jpg)
<use Images/WoWScrnShot_040518_115947b.jpg>
Package luatex.def Info: Images/WoWScrnShot_040518_115947b.jpg  used on input li
ne 111. on input line 111.
Package luatex.def Info: Requested size: 407.66833pt x 207.64629pt on input line
 111.
) [25<./Images/WoWScrnShot_040518_115947b.jpg>] (./MIAManual.ind [26




])
Package atveryend Info: Empty hook `BeforeClearDocument' on input line 51.
Package atveryend Info: Empty hook `AfterLastShipout' on input line 51.

(./MIAManual.aux (./TeX_files/Copywrite.aux) (./TeX_files/MIAconcept.aux)
(./TeX_files/MIAConfig.aux) (./TeX_files/MIAcommands.aux)
(./TeX_files/D3CIntegration.aux) (./TeX_files/WorkoutGeneration.aux)
(./TeX_files/WoWFeatures.aux))
Package atveryend Info: Executing hook `AtVeryEndDocument' on input line 51.
Package atveryend Info: Executing hook `AtEndAfterFileList' on input line 51.
Package rerunfilecheck Info: File `MIAManual.out' has not changed.
(rerunfilecheck)             Checksum: DC4EE65815ECD6F86D2C9948481F0FC4;2871.


LaTeX Warning: There were undefined references.


LaTeX Warning: There were multiply-defined labels.

Package atveryend Info: Empty hook `AtVeryVeryEnd' on input line 51.
)

Here is how much of LuaTeX's memory you used:
 10746 strings out of 494456
 156268,383344 words of node,token memory allocated
 525 words of node memory still in use:
   6 hlist, 2 vlist, 2 rule, 5 glue, 1 kern, 10 attribute, 57 glue_spec, 10 attr
ibute_list, 2 write nodes
   avail lists: 1:1,2:3587,3:205,4:2581,5:2202,6:103,7:6860,8:1823,9:4701,10:38,
11:388
 13785 multiletter control sequences out of 65536+200000
 66 fonts using 4931127 bytes
 33i,12n,49p,1215b,828s stack positions out of 5000i,500n,10000p,200000b,50000s
<c:/program files/miktex 2.9/fonts/opentype/public/lm/lmroman6-regular.otf><c:/p
rogram files/miktex 2.9/fonts/opentype/public/lm/lmroman8-regular.otf><c:/progra
m files/miktex 2.9/fonts/opentype/public/lm/lmroman10-italic.otf><c:/program fil
es/miktex 2.9/fonts/opentype/public/lm/lmroman10-regular.otf><c:/program files/m
iktex 2.9/fonts/opentype/public/lm/lmroman10-bold.otf><c:/program files/miktex 2
.9/fonts/opentype/public/lm/lmroman12-bold.otf><c:/program files/miktex 2.9/font
s/opentype/public/lm/lmroman9-regular.otf><c:/program files/miktex 2.9/fonts/ope
ntype/public/lm/lmroman12-regular.otf><c:/program files/miktex 2.9/fonts/opentyp
e/public/lm/lmroman17-regular.otf><C:/Program Files/MiKTeX 2.9/fonts/type1/publi
c/amsfonts/cm/cmex10.pfb><C:/Program Files/MiKTeX 2.9/fonts/type1/public/amsfont
s/cm/cmmi10.pfb><C:/Program Files/MiKTeX 2.9/fonts/type1/public/amsfonts/cm/cmmi
6.pfb><C:/Program Files/MiKTeX 2.9/fonts/type1/public/amsfonts/cm/cmmi8.pfb><C:/
Program Files/MiKTeX 2.9/fonts/type1/public/amsfonts/cm/cmr10.pfb><C:/Program Fi
les/MiKTeX 2.9/fonts/type1/public/amsfonts/cm/cmr8.pfb><C:/Program Files/MiKTeX 
2.9/fonts/type1/public/amsfonts/cm/cmsy10.pfb><C:/Program Files/MiKTeX 2.9/fonts
/type1/public/amsfonts/cm/cmsy9.pfb>
Output written on MIAManual.pdf (32 pages, 1973427 bytes).

PDF statistics: 859 PDF objects out of 1000 (max. 8388607)
 364 named destinations out of 1000 (max. 131072)
 305 words of extra memory for PDF output out of 10000 (max. 100000000)

