\BOOKMARK [0][-]{chapter.1}{Multiple Integrated Applications \(MIA\)}{}% 1
\BOOKMARK [1][-]{section.1.1}{Setting up the MIA Environment for Developers}{chapter.1}% 2
\BOOKMARK [1][-]{section.1.2}{Creating an Updated Release Package}{chapter.1}% 3
\BOOKMARK [1][-]{section.1.3}{Setting up the MIA Environment for End Users}{chapter.1}% 4
\BOOKMARK [0][-]{chapter.2}{MIAConfig file \(MIAC\)}{}% 5
\BOOKMARK [1][-]{section.2.1}{MIAConfig Purpose Introduction}{chapter.2}% 6
\BOOKMARK [1][-]{section.2.2}{MIAConfig Contents and Usage}{chapter.2}% 7
\BOOKMARK [1][-]{section.2.3}{Valid MIAConfig \(MIAC\) variables}{chapter.2}% 8
\BOOKMARK [2][-]{subsection.2.3.1}{File and Folder Paths}{section.2.3}% 9
\BOOKMARK [2][-]{subsection.2.3.2}{MIA Program Related Variables}{section.2.3}% 10
\BOOKMARK [2][-]{subsection.2.3.3}{World of Warcraft Related Variables}{section.2.3}% 11
\BOOKMARK [0][-]{chapter.3}{Commands and Syntax}{}% 12
\BOOKMARK [1][-]{section.3.1}{Valid Syntax}{chapter.3}% 13
\BOOKMARK [1][-]{section.3.2}{Complete List of Valid Commands \(CLVC\)}{chapter.3}% 14
\BOOKMARK [2][-]{subsection.3.2.1}{Static Commands}{section.3.2}% 15
\BOOKMARK [2][-]{subsection.3.2.2}{Fluid \(Volatile\) Commands}{section.3.2}% 16
\BOOKMARK [0][-]{chapter.4}{Sequencer}{}% 17
\BOOKMARK [1][-]{section.4.1}{Using the Sequencer}{chapter.4}% 18
\BOOKMARK [1][-]{section.4.2}{Defining a Sequence}{chapter.4}% 19
\BOOKMARK [1][-]{section.4.3}{Notes on Using The Sequencer}{chapter.4}% 20
\BOOKMARK [0][-]{chapter.5}{D0sag3 Command \(D3C\) Integration}{}% 21
\BOOKMARK [1][-]{section.5.1}{D3C Introduction and Overview}{chapter.5}% 22
\BOOKMARK [1][-]{section.5.2}{d0s1 Encryption}{chapter.5}% 23
\BOOKMARK [1][-]{section.5.3}{d0s2 Encryption}{chapter.5}% 24
\BOOKMARK [1][-]{section.5.4}{d0s3 Encryption}{chapter.5}% 25
\BOOKMARK [0][-]{chapter.6}{Workout Generation}{}% 26
\BOOKMARK [1][-]{section.6.1}{MIA Workout Generation Overview and Introduction}{chapter.6}% 27
\BOOKMARK [1][-]{section.6.2}{Input File and Defining Workouts}{chapter.6}% 28
\BOOKMARK [2][-]{subsection.6.2.1}{Input File}{section.6.2}% 29
\BOOKMARK [2][-]{subsection.6.2.2}{Workout Generation Parameters}{section.6.2}% 30
\BOOKMARK [2][-]{subsection.6.2.3}{Defining Exercises}{section.6.2}% 31
\BOOKMARK [1][-]{section.6.3}{Generation Algorithm}{chapter.6}% 32
\BOOKMARK [2][-]{subsection.6.3.1}{Number of Sets Per Workout}{section.6.3}% 33
\BOOKMARK [2][-]{subsection.6.3.2}{Number of Exercises Per Set}{section.6.3}% 34
\BOOKMARK [2][-]{subsection.6.3.3}{Number of Reps Per Exercise}{section.6.3}% 35
\BOOKMARK [1][-]{section.6.4}{Real World Difficulties}{chapter.6}% 36
\BOOKMARK [1][-]{section.6.5}{Notes on Appropriate MIA Parameters For Usage}{chapter.6}% 37
\BOOKMARK [0][-]{chapter.7}{World of Warcraft \(WoW\) Features in MIA}{}% 38
\BOOKMARK [1][-]{section.7.1}{WoW Fishbot}{chapter.7}% 39
\BOOKMARK [2][-]{subsection.7.1.1}{Setup and Configuration}{section.7.1}% 40
\BOOKMARK [1][-]{section.7.2}{Mailbox Management}{chapter.7}% 41
\BOOKMARK [2][-]{subsection.7.2.1}{Sending Duplicates of a Letter}{section.7.2}% 42
\BOOKMARK [2][-]{subsection.7.2.2}{Unloading Duplicated letters}{section.7.2}% 43
